<?xml version="1.0" encoding="UTF-8"?>
<!-- Generated by org.testng.reporters.JUnitReportReporter -->
<testsuite hostname="Manaskutty" failures="0" tests="2" name="MJacademy.test.Submitorderflow" time="42.148" errors="0" timestamp="2025-05-27T18:41:32 IST" skipped="0">
  <testcase classname="MJacademy.test.Submitorderflow" name="submitorder" time="25.317"/>
  <testcase classname="MJacademy.test.Submitorderflow" name="Orderhistroy" time="16.831"/>
</testsuite> <!-- MJacademy.test.Submitorderflow -->
