<?xml version="1.0" encoding="UTF-8"?>
<!-- Generated by org.testng.reporters.JUnitReportReporter -->
<testsuite hostname="Manaskutty" failures="0" tests="2" name="MJacademy.test.Errormessageval" time="34.059" errors="0" timestamp="2025-05-27T18:41:32 IST" skipped="0">
  <testcase classname="MJacademy.test.Errormessageval" name="loginerrval" time="13.643"/>
  <testcase classname="MJacademy.test.Errormessageval" name="producterrval" time="20.416"/>
</testsuite> <!-- MJacademy.test.Errormessageval -->
